#
# A fatal error has been detected by the Java Runtime Environment:
#
#  SIGSEGV (0xb) at pc=0x0000000111380381, pid=17586, tid=775
#
# JRE version: Java(TM) SE Runtime Environment (8.0_20-b26) (build 1.8.0_20-b26)
# Java VM: Java HotSpot(TM) 64-Bit Server VM (25.20-b23 mixed mode bsd-amd64 compressed oops)
# Problematic frame:
# C  [libglass.dylib+0x16381]  GlassScreenDidChangeScreenParameters+0x21
#
# Failed to write core dump. Core dumps have been disabled. To enable core dumping, try "ulimit -c unlimited" before starting Java again
#
# If you would like to submit a bug report, please visit:
#   http://bugreport.sun.com/bugreport/crash.jsp
#

---------------  T H R E A D  ---------------

Current thread is native thread

siginfo: si_signo: 11 (SIGSEGV), si_code: 1 (SEGV_MAPERR), si_addr: 0x0000000000000000

Registers:
RAX=0x00000001113b2d48, RBX=0x0000000000000000, RCX=0x7bcab18debbf00f1, RDX=0x0000000000000103
RSP=0x00007ffee67900c0, RBP=0x00007ffee67900d0, RSI=0x00007fb884404eb0, RDI=0x0000000000000000
R8 =0x00007fff92893048, R9 =0x0000000000000040, R10=0x00007fff92893040, R11=0xffffffffffffffff
R12=0x0000000000000000, R13=0x0000000000000000, R14=0x00007fb88442e650, R15=0x00007fb884605390
RIP=0x0000000111380381, EFLAGS=0x0000000000010246, ERR=0x0000000000000004
  TRAPNO=0x000000000000000e

Top of Stack: (sp=0x00007ffee67900c0)
0x00007ffee67900c0:   00007fb88442e840 00007fb88442e650
0x00007ffee67900d0:   00007ffee67900e0 00007fff31f75edc
0x00007ffee67900e0:   00007ffee6790150 00007fff31f75daa
0x00007ffee67900f0:   00007fff9288e060 00000000c2000000
0x00007ffee6790100:   00007fff31f75e20 00007fff8c033ae8
0x00007ffee6790110:   00007fb88442e650 00007fb884605390
0x00007ffee6790120:   0000000000000000 00007fff59175e80
0x00007ffee6790130:   00007fff59175e80 00007ffee6790990
0x00007ffee6790140:   00007fb88442e650 00007fb884511560
0x00007ffee6790150:   00007ffee6790190 00007fff31f75ae1
0x00007ffee6790160:   00007ffee6790760 0000000000000000
0x00007ffee6790170:   00007fff59175e80 0000000000000000
0x00007ffee6790180:   00007ffee6790990 00007fff3018ae91
0x00007ffee6790190:   00007ffee67908b0 00007fff31f33880
0x00007ffee67901a0:   00007ffe00000053 00007ffee67900c0
0x00007ffee67901b0:   00007fb884408bd0 00007fff8c16ce01
0x00007ffee67901c0:   0000000000000000 00007fb885a4e1a0
0x00007ffee67901d0:   00007fff8c16ce30 00007fff8c075978
0x00007ffee67901e0:   00007fff8c035b00 0000000109488080
0x00007ffee67901f0:   0000000000000000 00007fb88442e870
0x00007ffee6790200:   0000000000000000 0000000000000000
0x00007ffee6790210:   00007ffee6790760 0000000000000001
0x00007ffee6790220:   0000000000000100 0000000109488000
0x00007ffee6790230:   00007ffee6790660 0000000000000000
0x00007ffee6790240:   0000000000000100 00007fb800000000
0x00007ffee6790250:   00007fb8859071a0 00007fb886038050
0x00007ffee6790260:   0000000000000140 0000000000000020
0x00007ffee6790270:   0000000000000002 00007fb8859071a0
0x00007ffee6790280:   0000000109488080 00007fb885900000
0x00007ffee6790290:   000000010948f000 0000000000000007
0x00007ffee67902a0:   000000010948f000 0000000109488080
0x00007ffee67902b0:   00007ffee6790340 00007fff59f5d75a 

Instructions: (pc=0x0000000111380381)
0x0000000111380361:   48 89 e5 41 56 53 48 8d 05 d2 2a 03 00 48 83 38
0x0000000111380371:   00 48 89 fb 75 72 48 8d 05 ca 29 03 00 48 8b 30
0x0000000111380381:   48 8b 03 48 8d 15 7c 99 01 00 48 8d 0d 5e 6f 01
0x0000000111380391:   00 48 89 df ff 90 88 03 00 00 48 8d 0d 9e 2a 03 

Register to memory mapping:

RAX=0x00000001113b2d48: jScreenClass+0 in /Library/Java/JavaVirtualMachines/jdk1.8.0_20.jdk/Contents/Home/jre/lib/libglass.dylib at 0x000000011136a000
RBX=0x0000000000000000 is an unknown value
RCX=0x7bcab18debbf00f1 is an unknown value
RDX=0x0000000000000103 is an unknown value
RSP=0x00007ffee67900c0 is an unknown value
RBP=0x00007ffee67900d0 is an unknown value
RSI=0x00007fb884404eb0 is a global jni handle
RDI=0x0000000000000000 is an unknown value
R8 =0x00007fff92893048: __sFX+0x1c8 in /usr/lib/system/libsystem_c.dylib at 0x00007fff59dec000
R9 =0x0000000000000040 is an unknown value
R10=0x00007fff92893040: __sFX+0x1c0 in /usr/lib/system/libsystem_c.dylib at 0x00007fff59dec000
R11=0xffffffffffffffff is an unknown value
R12=0x0000000000000000 is an unknown value
R13=0x0000000000000000 is an unknown value
R14=0x00007fb88442e650 is an unknown value
R15=0x00007fb884605390 is an unknown value


Stack: [0x00007ffee5f94000,0x00007ffee6794000],  sp=0x00007ffee67900c0,  free space=8176k
Native frames: (J=compiled Java code, j=interpreted, Vv=VM code, C=native code)
C  [libglass.dylib+0x16381]  GlassScreenDidChangeScreenParameters+0x21
C  [CoreFoundation+0x9aedc]  __CFNOTIFICATIONCENTER_IS_CALLING_OUT_TO_AN_OBSERVER__+0xc
C  [CoreFoundation+0x9adaa]  _CFXRegistrationPost+0x1ca
C  [CoreFoundation+0x9aae1]  ___CFXNotificationPost_block_invoke+0xe1
C  [CoreFoundation+0x58880]  -[_CFXNotificationRegistrar find:object:observer:enumerator:]+0x680
C  [CoreFoundation+0x579b7]  _CFXNotificationPost+0x257
C  [Foundation+0x68c7]  -[NSNotificationCenter postNotificationName:object:userInfo:]+0x42
C  [AppKit+0xbc2133]  -[NSApplication(ScreenHandling) _reactToScreenInvalidationImmediately:]+0x162
C  [AppKit+0xbc1f95]  __60-[NSApplication(ScreenHandling) _reactToScreenInvalidation:]_block_invoke+0x3b
C  [CoreFoundation+0xa387c]  __CFRUNLOOP_IS_CALLING_OUT_TO_A_BLOCK__+0xc
C  [CoreFoundation+0x86253]  __CFRunLoopDoBlocks+0x113
C  [CoreFoundation+0x86018]  __CFRunLoopRun+0xc38
C  [CoreFoundation+0x85153]  CFRunLoopRunSpecific+0x1e3
C  [java+0x56cc]  CreateExecutionEnvironment+0x367
C  [java+0x165c]  JLI_Launch+0x7a0
C  [java+0x768a]  main+0x65
C  [java+0xeb4]  start+0x34


---------------  P R O C E S S  ---------------

VM state:at safepoint (normal execution)

VM Mutex/Monitor currently owned by a thread:  ([mutex/lock_event])
[0x00007fb88450d6f0] Threads_lock - owner thread: 0x00007fb886011800

Heap:
 PSYoungGen      total 76288K, used 30232K [0x000000076ab00000, 0x0000000770000000, 0x00000007c0000000)
  eden space 65536K, 46% used [0x000000076ab00000,0x000000076c8860b0,0x000000076eb00000)
  from space 10752K, 0% used [0x000000076f580000,0x000000076f580000,0x0000000770000000)
  to   space 10752K, 0% used [0x000000076eb00000,0x000000076eb00000,0x000000076f580000)
 ParOldGen       total 175104K, used 0K [0x00000006c0000000, 0x00000006cab00000, 0x000000076ab00000)
  object space 175104K, 0% used [0x00000006c0000000,0x00000006c0000000,0x00000006cab00000)
 Metaspace       used 9615K, capacity 10000K, committed 10240K, reserved 1058816K
  class space    used 1301K, capacity 1440K, committed 1536K, reserved 1048576K

Card table byte_map: [0x000000010b8db000,0x000000010c0dc000] byte_map_base: 0x00000001082db000

Marking Bits: (ParMarkBitMap*) 0x000000010ae9c330
 Begin Bits: [0x0000000120b51000, 0x0000000124b51000)
 End Bits:   [0x0000000124b51000, 0x0000000128b51000)

Polling page: 0x00000001094ee000

CodeCache: size=245760Kb used=2790Kb max_used=2790Kb free=242969Kb
 bounds [0x0000000111b51000, 0x0000000111e11000, 0x0000000120b51000]
 total_blobs=1136 nmethods=681 adapters=370
 compilation: enabled

Compilation events (10 events):
Event: 0.593 Thread 0x00007fb88508b000  677       3       java.util.jar.Attributes$Name::isAlpha (30 bytes)
Event: 0.594 Thread 0x00007fb88508b000 nmethod 677 0x0000000111e08490 code [0x0000000111e08600, 0x0000000111e08830]
Event: 0.595 Thread 0x00007fb88508b000  678       3       java.io.DataInputStream::readInt (72 bytes)
Event: 0.595 Thread 0x00007fb88508b000 nmethod 678 0x0000000111e07b10 code [0x0000000111e07cc0, 0x0000000111e08268]
Event: 0.596 Thread 0x00007fb88508b000  680       3       java.util.StringTokenizer::scanToken (179 bytes)
Event: 0.596 Thread 0x00007fb88508b000 nmethod 680 0x0000000111e09890 code [0x0000000111e09b20, 0x0000000111e0add8]
Event: 0.596 Thread 0x00007fb88508b000  679       3       java.util.StringTokenizer::skipDelimiters (116 bytes)
Event: 0.597 Thread 0x00007fb88508b000 nmethod 679 0x0000000111e06910 code [0x0000000111e06b20, 0x0000000111e07698]
Event: 0.597 Thread 0x00007fb88508b000  681       1       java.lang.reflect.Constructor::getDeclaringClass (5 bytes)
Event: 0.597 Thread 0x00007fb88508b000 nmethod 681 0x0000000111e06650 code [0x0000000111e067a0, 0x0000000111e068b0]

GC Heap History (0 events):
No events

Deoptimization events (2 events):
Event: 0.487 Thread 0x00007fb886028800 Uncommon trap: reason=unreached action=reinterpret pc=0x0000000111dbc4c4 method=java.util.HashMap.getNode(ILjava/lang/Object;)Ljava/util/HashMap$Node; @ 84
Event: 0.487 Thread 0x00007fb886028800 Uncommon trap: reason=unreached action=reinterpret pc=0x0000000111db7564 method=java.util.HashMap.getNode(ILjava/lang/Object;)Ljava/util/HashMap$Node; @ 84

Internal exceptions (10 events):
Event: 0.392 Thread 0x00007fb886028800 Exception <a 'java/security/PrivilegedActionException'> (0x000000076be4cf80) thrown at [/HUDSON3/workspace/8-2-build-macosx-x86_64/jdk8u20/1074/hotspot/src/share/vm/prims/jvm.cpp, line 1275]
Event: 0.393 Thread 0x00007fb886028800 Exception <a 'java/security/PrivilegedActionException'> (0x000000076be4fbf8) thrown at [/HUDSON3/workspace/8-2-build-macosx-x86_64/jdk8u20/1074/hotspot/src/share/vm/prims/jvm.cpp, line 1275]
Event: 0.393 Thread 0x00007fb886028800 Exception <a 'java/security/PrivilegedActionException'> (0x000000076be53310) thrown at [/HUDSON3/workspace/8-2-build-macosx-x86_64/jdk8u20/1074/hotspot/src/share/vm/prims/jvm.cpp, line 1275]
Event: 0.393 Thread 0x00007fb886028800 Exception <a 'java/security/PrivilegedActionException'> (0x000000076be56d20) thrown at [/HUDSON3/workspace/8-2-build-macosx-x86_64/jdk8u20/1074/hotspot/src/share/vm/prims/jvm.cpp, line 1275]
Event: 0.415 Thread 0x00007fb886028800 Exception <a 'java/lang/NullPointerException'> (0x000000076bfa1590) thrown at [/HUDSON3/workspace/8-2-build-macosx-x86_64/jdk8u20/1074/hotspot/src/share/vm/interpreter/linkResolver.cpp, line 1166]
Event: 0.415 Thread 0x00007fb886028800 Exception <a 'java/lang/NullPointerException'> (0x000000076bfa1590) thrown at [/HUDSON3/workspace/8-2-build-macosx-x86_64/jdk8u20/1074/hotspot/src/share/vm/prims/jvm.cpp, line 1279]
Event: 0.507 Thread 0x00007fb886028800 Exception <a 'java/security/PrivilegedActionException'> (0x000000076c630ac0) thrown at [/HUDSON3/workspace/8-2-build-macosx-x86_64/jdk8u20/1074/hotspot/src/share/vm/prims/jvm.cpp, line 1275]
Event: 0.507 Thread 0x00007fb886028800 Exception <a 'java/security/PrivilegedActionException'> (0x000000076c6349f8) thrown at [/HUDSON3/workspace/8-2-build-macosx-x86_64/jdk8u20/1074/hotspot/src/share/vm/prims/jvm.cpp, line 1275]
Event: 0.508 Thread 0x00007fb886028800 Exception <a 'java/security/PrivilegedActionException'> (0x000000076c639340) thrown at [/HUDSON3/workspace/8-2-build-macosx-x86_64/jdk8u20/1074/hotspot/src/share/vm/prims/jvm.cpp, line 1275]
Event: 0.585 Thread 0x00007fb886800800 Exception <a 'java/lang/reflect/InvocationTargetException'> (0x000000076b5ccf68) thrown at [/HUDSON3/workspace/8-2-build-macosx-x86_64/jdk8u20/1074/hotspot/src/share/vm/runtime/reflection.cpp, line 1079]

Events (10 events):
Event: 0.598 loading class java/util/Formatter$Flags done
Event: 0.599 loading class java/util/Formatter$Conversion
Event: 0.599 loading class java/util/Formatter$Conversion done
Event: 0.599 loading class java/util/Formattable
Event: 0.599 loading class java/util/Formattable done
Event: 0.599 loading class java/util/IdentityHashMap$KeyIterator
Event: 0.599 loading class java/util/IdentityHashMap$IdentityHashMapIterator
Event: 0.599 loading class java/util/IdentityHashMap$IdentityHashMapIterator done
Event: 0.599 loading class java/util/IdentityHashMap$KeyIterator done
Event: 0.599 Executing VM operation: Exit


Dynamic libraries:
0x000000000a3c1000 	/System/Library/Frameworks/Cocoa.framework/Versions/A/Cocoa
0x000000000a3c1000 	/System/Library/Frameworks/Security.framework/Versions/A/Security
0x000000000a3c1000 	/System/Library/Frameworks/ApplicationServices.framework/Versions/A/ApplicationServices
0x000000000a3c1000 	/usr/lib/libz.1.dylib
0x000000000a3c1000 	/usr/lib/libSystem.B.dylib
0x000000000a3c1000 	/usr/lib/libobjc.A.dylib
0x000000000a3c1000 	/System/Library/Frameworks/CoreFoundation.framework/Versions/A/CoreFoundation
0x000000000a3c1000 	/System/Library/Frameworks/Foundation.framework/Versions/C/Foundation
0x000000000a3c1000 	/System/Library/Frameworks/AppKit.framework/Versions/C/AppKit
0x000000000a3c1000 	/System/Library/Frameworks/CoreData.framework/Versions/A/CoreData
0x000000000a3c1000 	/System/Library/PrivateFrameworks/RemoteViewServices.framework/Versions/A/RemoteViewServices
0x000000000a3c1000 	/System/Library/PrivateFrameworks/UIFoundation.framework/Versions/A/UIFoundation
0x000000000a3c1000 	/System/Library/PrivateFrameworks/DFRFoundation.framework/Versions/A/DFRFoundation
0x000000000a3c1000 	/System/Library/Frameworks/Metal.framework/Versions/A/Metal
0x000000000a3c1000 	/System/Library/PrivateFrameworks/DesktopServicesPriv.framework/Versions/A/DesktopServicesPriv
0x000000000a3c1000 	/usr/lib/libenergytrace.dylib
0x000000000a3c1000 	/System/Library/PrivateFrameworks/SkyLight.framework/Versions/A/SkyLight
0x000000000a3c1000 	/System/Library/Frameworks/CoreGraphics.framework/Versions/A/CoreGraphics
0x000000000a3c1000 	/usr/lib/libScreenReader.dylib
0x000000000a3c1000 	/System/Library/Frameworks/Accelerate.framework/Versions/A/Accelerate
0x000000000a3c1000 	/System/Library/Frameworks/IOSurface.framework/Versions/A/IOSurface
0x000000000a3c1000 	/System/Library/Frameworks/AudioToolbox.framework/Versions/A/AudioToolbox
0x000000000a3c1000 	/System/Library/Frameworks/AudioUnit.framework/Versions/A/AudioUnit
0x000000000a3c1000 	/System/Library/PrivateFrameworks/DataDetectorsCore.framework/Versions/A/DataDetectorsCore
0x000000000a3c1000 	/System/Library/Frameworks/Carbon.framework/Versions/A/Frameworks/HIToolbox.framework/Versions/A/HIToolbox
0x000000000a3c1000 	/usr/lib/libicucore.A.dylib
0x000000000a3c1000 	/System/Library/Frameworks/QuartzCore.framework/Versions/A/QuartzCore
0x000000000a3c1000 	/System/Library/PrivateFrameworks/SignpostNotification.framework/Versions/A/SignpostNotification
0x000000000a3c1000 	/System/Library/Frameworks/Carbon.framework/Versions/A/Frameworks/SpeechRecognition.framework/Versions/A/SpeechRecognition
0x000000000a3c1000 	/usr/lib/libauto.dylib
0x000000000a3c1000 	/usr/lib/libxml2.2.dylib
0x000000000a3c1000 	/System/Library/PrivateFrameworks/CoreUI.framework/Versions/A/CoreUI
0x000000000a3c1000 	/System/Library/Frameworks/CoreAudio.framework/Versions/A/CoreAudio
0x000000000a3c1000 	/System/Library/Frameworks/DiskArbitration.framework/Versions/A/DiskArbitration
0x000000000a3c1000 	/usr/lib/liblangid.dylib
0x000000000a3c1000 	/System/Library/PrivateFrameworks/MultitouchSupport.framework/Versions/A/MultitouchSupport
0x000000000a3c1000 	/System/Library/Frameworks/IOKit.framework/Versions/A/IOKit
0x000000000a3c1000 	/usr/lib/libDiagnosticMessagesClient.dylib
0x000000000a3c1000 	/System/Library/Frameworks/CoreServices.framework/Versions/A/CoreServices
0x000000000a3c1000 	/System/Library/PrivateFrameworks/PerformanceAnalysis.framework/Versions/A/PerformanceAnalysis
0x000000000a3c1000 	/System/Library/Frameworks/OpenGL.framework/Versions/A/OpenGL
0x000000000a3c1000 	/System/Library/Frameworks/ColorSync.framework/Versions/A/ColorSync
0x000000000a3c1000 	/System/Library/Frameworks/CoreImage.framework/Versions/A/CoreImage
0x000000000a3c1000 	/System/Library/Frameworks/CoreText.framework/Versions/A/CoreText
0x000000000a3c1000 	/System/Library/Frameworks/ImageIO.framework/Versions/A/ImageIO
0x000000000a3c1000 	/System/Library/PrivateFrameworks/Backup.framework/Versions/A/Backup
0x000000000a3c1000 	/usr/lib/libarchive.2.dylib
0x000000000a3c1000 	/System/Library/Frameworks/CFNetwork.framework/Versions/A/CFNetwork
0x000000000a3c1000 	/System/Library/Frameworks/SystemConfiguration.framework/Versions/A/SystemConfiguration
0x000000000a3c1000 	/usr/lib/libCRFSuite.dylib
0x000000000a3c1000 	/usr/lib/libc++.1.dylib
0x000000000a3c1000 	/usr/lib/libc++abi.dylib
0x000000000a3c1000 	/usr/lib/system/libcache.dylib
0x000000000a3c1000 	/usr/lib/system/libcommonCrypto.dylib
0x000000000a3c1000 	/usr/lib/system/libcompiler_rt.dylib
0x000000000a3c1000 	/usr/lib/system/libcopyfile.dylib
0x000000000a3c1000 	/usr/lib/system/libcorecrypto.dylib
0x000000000a3c1000 	/usr/lib/system/libdispatch.dylib
0x000000000a3c1000 	/usr/lib/system/libdyld.dylib
0x000000000a3c1000 	/usr/lib/system/libkeymgr.dylib
0x000000000a3c1000 	/usr/lib/system/liblaunch.dylib
0x000000000a3c1000 	/usr/lib/system/libmacho.dylib
0x000000000a3c1000 	/usr/lib/system/libquarantine.dylib
0x000000000a3c1000 	/usr/lib/system/libremovefile.dylib
0x000000000a3c1000 	/usr/lib/system/libsystem_asl.dylib
0x000000000a3c1000 	/usr/lib/system/libsystem_blocks.dylib
0x000000000a3c1000 	/usr/lib/system/libsystem_c.dylib
0x000000000a3c1000 	/usr/lib/system/libsystem_configuration.dylib
0x000000000a3c1000 	/usr/lib/system/libsystem_coreservices.dylib
0x000000000a3c1000 	/usr/lib/system/libsystem_darwin.dylib
0x000000000a3c1000 	/usr/lib/system/libsystem_dnssd.dylib
0x000000000a3c1000 	/usr/lib/system/libsystem_info.dylib
0x000000000a3c1000 	/usr/lib/system/libsystem_m.dylib
0x000000000a3c1000 	/usr/lib/system/libsystem_malloc.dylib
0x000000000a3c1000 	/usr/lib/system/libsystem_network.dylib
0x000000000a3c1000 	/usr/lib/system/libsystem_networkextension.dylib
0x000000000a3c1000 	/usr/lib/system/libsystem_notify.dylib
0x000000000a3c1000 	/usr/lib/system/libsystem_sandbox.dylib
0x000000000a3c1000 	/usr/lib/system/libsystem_secinit.dylib
0x000000000a3c1000 	/usr/lib/system/libsystem_kernel.dylib
0x000000000a3c1000 	/usr/lib/system/libsystem_platform.dylib
0x000000000a3c1000 	/usr/lib/system/libsystem_pthread.dylib
0x000000000a3c1000 	/usr/lib/system/libsystem_symptoms.dylib
0x000000000a3c1000 	/usr/lib/system/libsystem_trace.dylib
0x000000000a3c1000 	/usr/lib/system/libunwind.dylib
0x000000000a3c1000 	/usr/lib/system/libxpc.dylib
0x000000000a3c1000 	/usr/lib/closure/libclosured.dylib
0x000000000a3c1000 	/usr/lib/libbsm.0.dylib
0x000000000a3c1000 	/usr/lib/system/libkxld.dylib
0x000000000a3c1000 	/usr/lib/libOpenScriptingUtil.dylib
0x000000000a3c1000 	/usr/lib/libcoretls.dylib
0x000000000a3c1000 	/usr/lib/libcoretls_cfhelpers.dylib
0x000000000a3c1000 	/usr/lib/libpam.2.dylib
0x000000000a3c1000 	/usr/lib/libsqlite3.dylib
0x000000000a3c1000 	/usr/lib/libxar.1.dylib
0x000000000a3c1000 	/usr/lib/libbz2.1.0.dylib
0x000000000a3c1000 	/usr/lib/liblzma.5.dylib
0x000000000a3c1000 	/usr/lib/libnetwork.dylib
0x000000000a3c1000 	/usr/lib/libapple_nghttp2.dylib
0x000000000a3c1000 	/usr/lib/libpcap.A.dylib
0x000000000a3c1000 	/usr/lib/libboringssl.dylib
0x000000000a3c1000 	/usr/lib/libusrtcp.dylib
0x000000000a3c1000 	/usr/lib/libapple_crypto.dylib
0x000000000a3c1000 	/System/Library/Frameworks/CoreServices.framework/Versions/A/Frameworks/FSEvents.framework/Versions/A/FSEvents
0x000000000a3c1000 	/System/Library/Frameworks/CoreServices.framework/Versions/A/Frameworks/CarbonCore.framework/Versions/A/CarbonCore
0x000000000a3c1000 	/System/Library/Frameworks/CoreServices.framework/Versions/A/Frameworks/Metadata.framework/Versions/A/Metadata
0x000000000a3c1000 	/System/Library/Frameworks/CoreServices.framework/Versions/A/Frameworks/OSServices.framework/Versions/A/OSServices
0x000000000a3c1000 	/System/Library/Frameworks/CoreServices.framework/Versions/A/Frameworks/SearchKit.framework/Versions/A/SearchKit
0x000000000a3c1000 	/System/Library/Frameworks/CoreServices.framework/Versions/A/Frameworks/AE.framework/Versions/A/AE
0x000000000a3c1000 	/System/Library/Frameworks/CoreServices.framework/Versions/A/Frameworks/LaunchServices.framework/Versions/A/LaunchServices
0x000000000a3c1000 	/System/Library/Frameworks/CoreServices.framework/Versions/A/Frameworks/DictionaryServices.framework/Versions/A/DictionaryServices
0x000000000a3c1000 	/System/Library/Frameworks/CoreServices.framework/Versions/A/Frameworks/SharedFileList.framework/Versions/A/SharedFileList
0x000000000a3c1000 	/System/Library/Frameworks/NetFS.framework/Versions/A/NetFS
0x000000000a3c1000 	/System/Library/PrivateFrameworks/NetAuth.framework/Versions/A/NetAuth
0x000000000a3c1000 	/System/Library/PrivateFrameworks/login.framework/Versions/A/Frameworks/loginsupport.framework/Versions/A/loginsupport
0x000000000a3c1000 	/System/Library/PrivateFrameworks/TCC.framework/Versions/A/TCC
0x000000000a3c1000 	/usr/lib/libmecabra.dylib
0x000000000a3c1000 	/System/Library/Frameworks/ApplicationServices.framework/Versions/A/Frameworks/ATS.framework/Versions/A/ATS
0x000000000a3c1000 	/System/Library/Frameworks/ApplicationServices.framework/Versions/A/Frameworks/ColorSyncLegacy.framework/Versions/A/ColorSyncLegacy
0x000000000a3c1000 	/System/Library/Frameworks/ApplicationServices.framework/Versions/A/Frameworks/HIServices.framework/Versions/A/HIServices
0x000000000a3c1000 	/System/Library/Frameworks/ApplicationServices.framework/Versions/A/Frameworks/LangAnalysis.framework/Versions/A/LangAnalysis
0x000000000a3c1000 	/System/Library/Frameworks/ApplicationServices.framework/Versions/A/Frameworks/PrintCore.framework/Versions/A/PrintCore
0x000000000a3c1000 	/System/Library/Frameworks/ApplicationServices.framework/Versions/A/Frameworks/QD.framework/Versions/A/QD
0x000000000a3c1000 	/System/Library/Frameworks/ApplicationServices.framework/Versions/A/Frameworks/SpeechSynthesis.framework/Versions/A/SpeechSynthesis
0x000000000a3c1000 	/System/Library/Frameworks/CoreDisplay.framework/Versions/A/CoreDisplay
0x000000000a3c1000 	/System/Library/Frameworks/Accelerate.framework/Versions/A/Frameworks/vImage.framework/Versions/A/vImage
0x000000000a3c1000 	/System/Library/Frameworks/Accelerate.framework/Versions/A/Frameworks/vecLib.framework/Versions/A/vecLib
0x000000000a3c1000 	/System/Library/Frameworks/Accelerate.framework/Versions/A/Frameworks/vecLib.framework/Versions/A/libvDSP.dylib
0x000000000a3c1000 	/System/Library/Frameworks/Accelerate.framework/Versions/A/Frameworks/vecLib.framework/Versions/A/libBNNS.dylib
0x000000000a3c1000 	/System/Library/Frameworks/Accelerate.framework/Versions/A/Frameworks/vecLib.framework/Versions/A/libQuadrature.dylib
0x000000000a3c1000 	/System/Library/Frameworks/Accelerate.framework/Versions/A/Frameworks/vecLib.framework/Versions/A/libvMisc.dylib
0x000000000a3c1000 	/System/Library/Frameworks/Accelerate.framework/Versions/A/Frameworks/vecLib.framework/Versions/A/libLAPACK.dylib
0x000000000a3c1000 	/System/Library/Frameworks/Accelerate.framework/Versions/A/Frameworks/vecLib.framework/Versions/A/libBLAS.dylib
0x000000000a3c1000 	/System/Library/Frameworks/Accelerate.framework/Versions/A/Frameworks/vecLib.framework/Versions/A/libLinearAlgebra.dylib
0x000000000a3c1000 	/System/Library/Frameworks/Accelerate.framework/Versions/A/Frameworks/vecLib.framework/Versions/A/libSparse.dylib
0x000000000a3c1000 	/System/Library/Frameworks/Accelerate.framework/Versions/A/Frameworks/vecLib.framework/Versions/A/libSparseBLAS.dylib
0x000000000a3c1000 	/System/Library/PrivateFrameworks/GPUWrangler.framework/Versions/A/GPUWrangler
0x000000000a3c1000 	/System/Library/PrivateFrameworks/IOAccelerator.framework/Versions/A/IOAccelerator
0x000000000a3c1000 	/System/Library/PrivateFrameworks/IOPresentment.framework/Versions/A/IOPresentment
0x000000000a3c1000 	/System/Library/PrivateFrameworks/DSExternalDisplay.framework/Versions/A/DSExternalDisplay
0x000000000a3c1000 	/System/Library/Frameworks/OpenGL.framework/Versions/A/Libraries/libCoreFSCache.dylib
0x000000000a3c1000 	/System/Library/Frameworks/CoreVideo.framework/Versions/A/CoreVideo
0x000000000a3c1000 	/System/Library/PrivateFrameworks/GraphVisualizer.framework/Versions/A/GraphVisualizer
0x000000000a3c1000 	/System/Library/Frameworks/MetalPerformanceShaders.framework/Versions/A/MetalPerformanceShaders
0x000000000a3c1000 	/usr/lib/libFosl_dynamic.dylib
0x000000000a3c1000 	/System/Library/PrivateFrameworks/FaceCore.framework/Versions/A/FaceCore
0x000000000a3c1000 	/System/Library/Frameworks/OpenCL.framework/Versions/A/OpenCL
0x000000000a3c1000 	/usr/lib/libcompression.dylib
0x000000000a3c1000 	/System/Library/Frameworks/ApplicationServices.framework/Versions/A/Frameworks/ATS.framework/Versions/A/Resources/libFontParser.dylib
0x000000000a3c1000 	/System/Library/Frameworks/ApplicationServices.framework/Versions/A/Frameworks/ATS.framework/Versions/A/Resources/libFontRegistry.dylib
0x000000000a3c1000 	/System/Library/Frameworks/ImageIO.framework/Versions/A/Resources/libJPEG.dylib
0x000000000a3c1000 	/System/Library/Frameworks/ImageIO.framework/Versions/A/Resources/libTIFF.dylib
0x000000000a3c1000 	/System/Library/Frameworks/ImageIO.framework/Versions/A/Resources/libPng.dylib
0x000000000a3c1000 	/System/Library/Frameworks/ImageIO.framework/Versions/A/Resources/libGIF.dylib
0x000000000a3c1000 	/System/Library/Frameworks/ImageIO.framework/Versions/A/Resources/libJP2.dylib
0x000000000a3c1000 	/System/Library/Frameworks/ImageIO.framework/Versions/A/Resources/libRadiance.dylib
0x000000000a3c1000 	/System/Library/PrivateFrameworks/AppleJPEG.framework/Versions/A/AppleJPEG
0x000000000a3c1000 	/System/Library/Frameworks/MetalPerformanceShaders.framework/Frameworks/MPSCore.framework/Versions/A/MPSCore
0x000000000a3c1000 	/System/Library/Frameworks/MetalPerformanceShaders.framework/Frameworks/MPSImage.framework/Versions/A/MPSImage
0x000000000a3c1000 	/System/Library/Frameworks/MetalPerformanceShaders.framework/Frameworks/MPSNeuralNetwork.framework/Versions/A/MPSNeuralNetwork
0x000000000a3c1000 	/System/Library/Frameworks/MetalPerformanceShaders.framework/Frameworks/MPSMatrix.framework/Versions/A/MPSMatrix
0x000000000a3c1000 	/System/Library/PrivateFrameworks/MetalTools.framework/Versions/A/MetalTools
0x000000000a3c1000 	/System/Library/Frameworks/OpenGL.framework/Versions/A/Libraries/libGLU.dylib
0x000000000a3c1000 	/System/Library/Frameworks/OpenGL.framework/Versions/A/Libraries/libGFXShared.dylib
0x000000000a3c1000 	/System/Library/Frameworks/OpenGL.framework/Versions/A/Libraries/libGL.dylib
0x000000000a3c1000 	/System/Library/Frameworks/OpenGL.framework/Versions/A/Libraries/libGLImage.dylib
0x000000000a3c1000 	/System/Library/Frameworks/OpenGL.framework/Versions/A/Libraries/libCVMSPluginSupport.dylib
0x000000000a3c1000 	/System/Library/Frameworks/OpenGL.framework/Versions/A/Libraries/libCoreVMClient.dylib
0x000000000a3c1000 	/usr/lib/libcups.2.dylib
0x000000000a3c1000 	/System/Library/Frameworks/Kerberos.framework/Versions/A/Kerberos
0x000000000a3c1000 	/System/Library/Frameworks/GSS.framework/Versions/A/GSS
0x000000000a3c1000 	/usr/lib/libresolv.9.dylib
0x000000000a3c1000 	/usr/lib/libiconv.2.dylib
0x000000000a3c1000 	/System/Library/PrivateFrameworks/Heimdal.framework/Versions/A/Heimdal
0x000000000a3c1000 	/usr/lib/libheimdal-asn1.dylib
0x000000000a3c1000 	/System/Library/Frameworks/OpenDirectory.framework/Versions/A/OpenDirectory
0x000000000a3c1000 	/System/Library/PrivateFrameworks/CommonAuth.framework/Versions/A/CommonAuth
0x000000000a3c1000 	/System/Library/Frameworks/OpenDirectory.framework/Versions/A/Frameworks/CFOpenDirectory.framework/Versions/A/CFOpenDirectory
0x000000000a3c1000 	/System/Library/Frameworks/SecurityFoundation.framework/Versions/A/SecurityFoundation
0x000000000a3c1000 	/System/Library/PrivateFrameworks/APFS.framework/Versions/A/APFS
0x000000000a3c1000 	/usr/lib/libutil.dylib
0x000000000a3c1000 	/System/Library/PrivateFrameworks/AppleSauce.framework/Versions/A/AppleSauce
0x000000000a3c1000 	/System/Library/PrivateFrameworks/LinguisticData.framework/Versions/A/LinguisticData
0x000000000a3c1000 	/usr/lib/libmarisa.dylib
0x000000000a3c1000 	/System/Library/PrivateFrameworks/Lexicon.framework/Versions/A/Lexicon
0x000000000a3c1000 	/usr/lib/libChineseTokenizer.dylib
0x000000000a3c1000 	/usr/lib/libcmph.dylib
0x000000000a3c1000 	/System/Library/PrivateFrameworks/LanguageModeling.framework/Versions/A/LanguageModeling
0x000000000a3c1000 	/System/Library/PrivateFrameworks/CoreEmoji.framework/Versions/A/CoreEmoji
0x000000000a3c1000 	/System/Library/Frameworks/ServiceManagement.framework/Versions/A/ServiceManagement
0x000000000a3c1000 	/System/Library/PrivateFrameworks/BackgroundTaskManagement.framework/Versions/A/BackgroundTaskManagement
0x000000000a3c1000 	/usr/lib/libxslt.1.dylib
0x000000000a3c1000 	/System/Library/Frameworks/Carbon.framework/Versions/A/Frameworks/Ink.framework/Versions/A/Ink
0x000000000a3c1000 	/System/Library/PrivateFrameworks/TextureIO.framework/Versions/A/TextureIO
0x000000000a3c1000 	/usr/lib/libate.dylib
0x000000000a3c1000 	/System/Library/PrivateFrameworks/CrashReporterSupport.framework/Versions/A/CrashReporterSupport
0x000000000a3c1000 	/System/Library/PrivateFrameworks/Sharing.framework/Versions/A/Sharing
0x000000000a3c1000 	/System/Library/PrivateFrameworks/IconServices.framework/Versions/A/IconServices
0x000000000a3c1000 	/System/Library/PrivateFrameworks/AuthKit.framework/Versions/A/AuthKit
0x000000000a3c1000 	/System/Library/PrivateFrameworks/Apple80211.framework/Versions/A/Apple80211
0x000000000a3c1000 	/System/Library/PrivateFrameworks/CoreUtils.framework/Versions/A/CoreUtils
0x000000000a3c1000 	/System/Library/Frameworks/CoreWLAN.framework/Versions/A/CoreWLAN
0x000000000a3c1000 	/System/Library/Frameworks/IOBluetooth.framework/Versions/A/IOBluetooth
0x000000000a3c1000 	/System/Library/PrivateFrameworks/ProtocolBuffer.framework/Versions/A/ProtocolBuffer
0x000000000a3c1000 	/System/Library/PrivateFrameworks/MobileKeyBag.framework/Versions/A/MobileKeyBag
0x000000000a3c1000 	/System/Library/PrivateFrameworks/CorePhoneNumbers.framework/Versions/A/CorePhoneNumbers
0x000000000a3c1000 	/System/Library/PrivateFrameworks/AppleIDAuthSupport.framework/Versions/A/AppleIDAuthSupport
0x000000000a3c1000 	/System/Library/PrivateFrameworks/KeychainCircle.framework/Versions/A/KeychainCircle
0x000000000a3c1000 	/System/Library/PrivateFrameworks/CoreWiFi.framework/Versions/A/CoreWiFi
0x000000000a3c1000 	/System/Library/Frameworks/CoreBluetooth.framework/Versions/A/CoreBluetooth
0x000000000a3c1000 	/System/Library/PrivateFrameworks/DebugSymbols.framework/Versions/A/DebugSymbols
0x000000000a3c1000 	/System/Library/PrivateFrameworks/CoreSymbolication.framework/Versions/A/CoreSymbolication
0x000000000a3c1000 	/System/Library/PrivateFrameworks/Symbolication.framework/Versions/A/Symbolication
0x000000000a3c1000 	/System/Library/PrivateFrameworks/AppleFSCompression.framework/Versions/A/AppleFSCompression
0x000000000a3c1000 	/System/Library/PrivateFrameworks/SpeechRecognitionCore.framework/Versions/A/SpeechRecognitionCore
0x000000010a600000 	/Library/Java/JavaVirtualMachines/jdk1.8.0_20.jdk/Contents/Home/jre/lib/server/libjvm.dylib
0x000000000a3c1000 	/usr/lib/libstdc++.6.0.9.dylib
0x00000001094ac000 	/Library/Java/JavaVirtualMachines/jdk1.8.0_20.jdk/Contents/Home/jre/lib/libverify.dylib
0x00000001094ba000 	/Library/Java/JavaVirtualMachines/jdk1.8.0_20.jdk/Contents/Home/jre/lib/libjava.dylib
0x00000001094ef000 	/Library/Java/JavaVirtualMachines/jdk1.8.0_20.jdk/Contents/Home/jre/lib/libinstrument.dylib
0x000000010958d000 	/Library/Java/JavaVirtualMachines/jdk1.8.0_20.jdk/Contents/Home/jre/lib/libzip.dylib
0x000000000a3c1000 	/System/Library/Frameworks/JavaVM.framework/Versions/A/Frameworks/JavaRuntimeSupport.framework/Versions/A/JavaRuntimeSupport
0x000000000a3c1000 	/System/Library/Frameworks/JavaVM.framework/Versions/A/Frameworks/JavaNativeFoundation.framework/Versions/A/JavaNativeFoundation
0x000000000a3c1000 	/System/Library/Frameworks/JavaVM.framework/Versions/A/JavaVM
0x000000000a3c1000 	/System/Library/Frameworks/Carbon.framework/Versions/A/Carbon
0x000000000a3c1000 	/System/Library/PrivateFrameworks/JavaLaunching.framework/Versions/A/JavaLaunching
0x000000000a3c1000 	/System/Library/Frameworks/Carbon.framework/Versions/A/Frameworks/CommonPanels.framework/Versions/A/CommonPanels
0x000000000a3c1000 	/System/Library/Frameworks/Carbon.framework/Versions/A/Frameworks/Help.framework/Versions/A/Help
0x000000000a3c1000 	/System/Library/Frameworks/Carbon.framework/Versions/A/Frameworks/ImageCapture.framework/Versions/A/ImageCapture
0x000000000a3c1000 	/System/Library/Frameworks/Carbon.framework/Versions/A/Frameworks/OpenScripting.framework/Versions/A/OpenScripting
0x000000000a3c1000 	/System/Library/Frameworks/Carbon.framework/Versions/A/Frameworks/Print.framework/Versions/A/Print
0x000000000a3c1000 	/System/Library/Frameworks/Carbon.framework/Versions/A/Frameworks/SecurityHI.framework/Versions/A/SecurityHI
0x000000011101d000 	/Library/Java/JavaVirtualMachines/jdk1.8.0_20.jdk/Contents/Home/jre/lib/libnet.dylib
0x0000000111108000 	/Library/Java/JavaVirtualMachines/jdk1.8.0_20.jdk/Contents/Home/jre/lib/libprism_es2.dylib
0x000000000a3c1000 	/System/Library/PrivateFrameworks/CoreServicesInternal.framework/Versions/A/CoreServicesInternal
0x000000000a3c1000 	/System/Library/Frameworks/OpenGL.framework/Versions/A/Resources/GLEngine.bundle/GLEngine
0x000000000a3c1000 	/System/Library/Frameworks/OpenGL.framework/Versions/A/Libraries/libGLProgrammability.dylib
0x0000000128b51000 	/System/Library/Extensions/AppleIntelKBLGraphicsGLDriver.bundle/Contents/MacOS/AppleIntelKBLGraphicsGLDriver
0x000000000a3c1000 	/System/Library/PrivateFrameworks/GPUSupport.framework/Versions/A/Libraries/libGPUSupportMercury.dylib
0x00000001111b5000 	/System/Library/Extensions/AMDRadeonX4000GLDriver.bundle/Contents/MacOS/AMDRadeonX4000GLDriver
0x000000000a3c1000 	/System/Library/Extensions/AMDRadeonX4000GLDriver.bundle/Contents/MacOS/ATIRadeonX4000SCLib.dylib
0x000000000a3c1000 	/System/Library/Frameworks/OpenGL.framework/Versions/A/Resources/GLRendererFloat.bundle/GLRendererFloat
0x000000000a3c1000 	/System/Library/Frameworks/OpenCL.framework/Versions/A/Libraries/libcldcpuengine.dylib
0x000000000a3c1000 	/usr/lib/libcrypto.35.dylib
0x000000000a3c1000 	/System/Library/PrivateFrameworks/TrustEvaluationAgent.framework/Versions/A/TrustEvaluationAgent
0x000000011136a000 	/Library/Java/JavaVirtualMachines/jdk1.8.0_20.jdk/Contents/Home/jre/lib/libglass.dylib
0x000000000a3c1000 	/System/Library/CoreServices/RawCamera.bundle/Contents/MacOS/RawCamera
0x000000000a3c1000 	/System/Library/PrivateFrameworks/MobileAsset.framework/Versions/A/MobileAsset
0x000000000a3c1000 	/System/Library/PrivateFrameworks/StreamingZip.framework/Versions/A/StreamingZip
0x000000000a3c1000 	/System/Library/Frameworks/MediaToolbox.framework/Versions/A/MediaToolbox
0x000000000a3c1000 	/System/Library/PrivateFrameworks/CoreAVCHD.framework/Versions/A/CoreAVCHD
0x000000000a3c1000 	/System/Library/Frameworks/MediaAccessibility.framework/Versions/A/MediaAccessibility
0x000000000a3c1000 	/System/Library/PrivateFrameworks/Mangrove.framework/Versions/A/Mangrove
0x000000000a3c1000 	/System/Library/Frameworks/CoreMedia.framework/Versions/A/CoreMedia
0x000000000a3c1000 	/System/Library/Frameworks/VideoToolbox.framework/Versions/A/VideoToolbox
0x000000000a3c1000 	/System/Library/PrivateFrameworks/CoreAUC.framework/Versions/A/CoreAUC
0x000000000a3c1000 	/usr/lib/libspindump.dylib
0x000000000a3c1000 	/System/Library/PrivateFrameworks/AppleVA.framework/Versions/A/AppleVA
0x000000000a3c1000 	/System/Library/Frameworks/Accelerate.framework/Versions/A/Frameworks/vImage.framework/Versions/A/Libraries/libCGInterfaces.dylib
0x000000000a3c1000 	/System/Library/PrivateFrameworks/FamilyControls.framework/Versions/A/FamilyControls
0x000000000a3c1000 	/System/Library/PrivateFrameworks/CommerceKit.framework/Versions/A/Frameworks/CommerceCore.framework/Versions/A/CommerceCore
0x000000000a3c1000 	/System/Library/PrivateFrameworks/SystemAdministration.framework/Versions/A/SystemAdministration
0x000000000a3c1000 	/System/Library/PrivateFrameworks/AppContainer.framework/Versions/A/AppContainer
0x000000000a3c1000 	/System/Library/PrivateFrameworks/SecCodeWrapper.framework/Versions/A/SecCodeWrapper
0x000000000a3c1000 	/System/Library/PrivateFrameworks/DiskManagement.framework/Versions/A/DiskManagement
0x000000000a3c1000 	/System/Library/Frameworks/DirectoryService.framework/Versions/A/DirectoryService
0x000000000a3c1000 	/System/Library/PrivateFrameworks/DiskImages.framework/Versions/A/DiskImages
0x000000000a3c1000 	/System/Library/PrivateFrameworks/LoginUIKit.framework/Versions/A/Frameworks/LoginUICore.framework/Versions/A/LoginUICore
0x000000000a3c1000 	/usr/lib/libCoreStorage.dylib
0x000000000a3c1000 	/usr/lib/libcsfde.dylib
0x000000000a3c1000 	/usr/lib/libodfde.dylib
0x000000000a3c1000 	/System/Library/PrivateFrameworks/MediaKit.framework/Versions/A/MediaKit
0x000000000a3c1000 	/System/Library/Frameworks/DiscRecording.framework/Versions/A/DiscRecording
0x000000000a3c1000 	/System/Library/PrivateFrameworks/EFILogin.framework/Versions/A/EFILogin
0x000000000a3c1000 	/System/Library/PrivateFrameworks/ProtectedCloudStorage.framework/Versions/A/ProtectedCloudStorage
0x000000000a3c1000 	/usr/lib/libcurl.4.dylib
0x000000000a3c1000 	/usr/lib/libssl.35.dylib
0x000000000a3c1000 	/System/Library/Frameworks/LDAP.framework/Versions/A/LDAP
0x000000000a3c1000 	/usr/lib/libsasl2.2.dylib
0x000000000a3c1000 	/System/Library/PrivateFrameworks/CoreDaemon.framework/Versions/B/CoreDaemon
0x000000000a3c1000 	/System/Library/PrivateFrameworks/AppleSRP.framework/Versions/A/AppleSRP
0x000000012b168000 	/Library/Java/JavaVirtualMachines/jdk1.8.0_20.jdk/Contents/Home/jre/lib/libjavafx_iio.dylib
0x000000000a3c1000 	/System/Library/Frameworks/ApplicationServices.framework/Versions/A/Frameworks/ATS.framework/Versions/A/Resources/libTrueTypeScaler.dylib
0x000000000a3c1000 	/System/Library/Extensions/AppleIntelKBLGraphicsMTLDriver.bundle/Contents/MacOS/AppleIntelKBLGraphicsMTLDriver
0x000000012c518000 	/System/Library/Extensions/AMDMTLBronzeDriver.bundle/Contents/MacOS/AMDMTLBronzeDriver
0x000000000a3c1000 	/System/Library/PrivateFrameworks/IOAccelMemoryInfo.framework/Versions/A/IOAccelMemoryInfo
0x000000000a3c1000 	/System/Library/PrivateFrameworks/GPUCompiler.framework/Versions/3802/Libraries/libmetal_timestamp.dylib

VM Arguments:
jvm_args: -javaagent:/Applications/IntelliJ IDEA.app/Contents/lib/idea_rt.jar=52126:/Applications/IntelliJ IDEA.app/Contents/bin -Dfile.encoding=UTF-8 
java_command: sample.Main
java_class_path (initial): /Library/Java/JavaVirtualMachines/jdk1.8.0_20.jdk/Contents/Home/jre/lib/charsets.jar:/Library/Java/JavaVirtualMachines/jdk1.8.0_20.jdk/Contents/Home/jre/lib/deploy.jar:/Library/Java/JavaVirtualMachines/jdk1.8.0_20.jdk/Contents/Home/jre/lib/ext/cldrdata.jar:/Library/Java/JavaVirtualMachines/jdk1.8.0_20.jdk/Contents/Home/jre/lib/ext/dnsns.jar:/Library/Java/JavaVirtualMachines/jdk1.8.0_20.jdk/Contents/Home/jre/lib/ext/jfxrt.jar:/Library/Java/JavaVirtualMachines/jdk1.8.0_20.jdk/Contents/Home/jre/lib/ext/localedata.jar:/Library/Java/JavaVirtualMachines/jdk1.8.0_20.jdk/Contents/Home/jre/lib/ext/nashorn.jar:/Library/Java/JavaVirtualMachines/jdk1.8.0_20.jdk/Contents/Home/jre/lib/ext/sunec.jar:/Library/Java/JavaVirtualMachines/jdk1.8.0_20.jdk/Contents/Home/jre/lib/ext/sunjce_provider.jar:/Library/Java/JavaVirtualMachines/jdk1.8.0_20.jdk/Contents/Home/jre/lib/ext/sunpkcs11.jar:/Library/Java/JavaVirtualMachines/jdk1.8.0_20.jdk/Contents/Home/jre/lib/ext/zipfs.jar:/Library/Java/JavaVirtualMachines/jdk1.8.0_20.jdk/Contents/Home/jre/lib/javaws.jar:/Library/Java/JavaVirtualMachines/jdk1.8.0_20.jdk/Contents/Home/jre/lib/jce.jar:/Library/Java/JavaVirtualMachines/jdk1.8.0_20.jdk/Contents/Home/jre/lib/jfr.jar:/Library/Java/JavaVirtualMachines/jdk1.8.0_20.jdk/Contents/Home/jre/lib/jfxswt.jar:/Library/Java/JavaVirtualMachines/jdk1.8.0_20.jdk/Contents/Home/jre/lib/jsse.jar:/Library/Java/JavaVirtualMachines/jdk1.8.0_20.jdk/Contents/Home/jre/lib/management-agent.jar:/Library/Java/JavaVirtualMachines/jdk1.8.0_20.jdk/Contents/Home/jre/lib/plugin.jar:/Library/Java/JavaVirtualMachines/jdk1.8.0_20.jdk/Contents/Home/jre/lib/resources.jar:/Library/Java/JavaVirtualMachines/jdk1.8.0_20.jdk/Contents/Home/jre/lib/rt.jar:/Library/Java/JavaVirtualMachines/jdk1.8.0_20.jdk/Contents/Home/lib/ant-javafx.jar:/Library/Java/JavaVirtualMachines/jdk1.8.0_20.jdk/Contents/Home/lib/dt.jar:/Library/Java/JavaVirtualMachines/jdk1.8.0_20.jdk/Contents/Home/lib/javafx-mx.jar:/Library/Java/Jav
Launcher Type: SUN_STANDARD

Environment Variables:
CLASSPATH=.:/Users/jmc/lib/choco-solver-4.0.2.jar
PATH=/Users/jmc/anaconda/bin:/usr/local/bin:/usr/bin:/bin:/usr/sbin:/sbin:/opt/X11/bin
SHELL=/bin/bash
DISPLAY=/private/tmp/com.apple.launchd.UVBEjSRVGs/org.macosforge.xquartz:0

Signal Handlers:
SIGSEGV: [libjvm.dylib+0x578fd7], sa_mask[0]=11111111011111110111111111111111, sa_flags=SA_ONSTACK|SA_RESTART|SA_SIGINFO
SIGBUS: [libjvm.dylib+0x578fd7], sa_mask[0]=11111111011111110111111111111111, sa_flags=SA_RESTART|SA_SIGINFO
SIGFPE: [libjvm.dylib+0x45ab0c], sa_mask[0]=11111111011111110111111111111111, sa_flags=SA_RESTART|SA_SIGINFO
SIGPIPE: [libjvm.dylib+0x45ab0c], sa_mask[0]=11111111011111110111111111111111, sa_flags=SA_RESTART|SA_SIGINFO
SIGXFSZ: [libjvm.dylib+0x45ab0c], sa_mask[0]=11111111011111110111111111111111, sa_flags=SA_RESTART|SA_SIGINFO
SIGILL: [libjvm.dylib+0x45ab0c], sa_mask[0]=11111111011111110111111111111111, sa_flags=SA_RESTART|SA_SIGINFO
SIGUSR1: SIG_DFL, sa_mask[0]=00000000000000000000000000000000, sa_flags=none
SIGUSR2: [libjvm.dylib+0x45a62a], sa_mask[0]=00100000000000000000000000000000, sa_flags=SA_RESTART|SA_SIGINFO
SIGHUP: [libjvm.dylib+0x458bfd], sa_mask[0]=11111111011111110111111111111111, sa_flags=SA_RESTART|SA_SIGINFO
SIGINT: [libjvm.dylib+0x458bfd], sa_mask[0]=11111111011111110111111111111111, sa_flags=SA_RESTART|SA_SIGINFO
SIGTERM: [libjvm.dylib+0x458bfd], sa_mask[0]=11111111011111110111111111111111, sa_flags=SA_RESTART|SA_SIGINFO
SIGQUIT: [libjvm.dylib+0x458bfd], sa_mask[0]=11111111011111110111111111111111, sa_flags=SA_RESTART|SA_SIGINFO


---------------  S Y S T E M  ---------------

OS:Bsduname:Darwin 17.7.0 Darwin Kernel Version 17.7.0: Thu Jun 21 22:53:14 PDT 2018; root:xnu-4570.71.2~1/RELEASE_X86_64 x86_64
rlimit: STACK 8192k, CORE 0k, NPROC 1418, NOFILE 10240, AS infinity
load average:1.14 1.28 1.41

CPU:total 8 (4 cores per cpu, 2 threads per core) family 6 model 158 stepping 9, cmov, cx8, fxsr, mmx, sse, sse2, sse3, ssse3, sse4.1, sse4.2, popcnt, avx, avx2, aes, clmul, erms, rtm, lzcnt, ht, tsc, tscinvbit, bmi1, bmi2

Memory: 4k page, physical 16777216k(1695720k free)

/proc/meminfo:


vm_info: Java HotSpot(TM) 64-Bit Server VM (25.20-b23) for bsd-amd64 JRE (1.8.0_20-b26), built on Jul 30 2014 13:37:47 by "java_re" with gcc 4.2.1 (Based on Apple Inc. build 5658) (LLVM build 2336.9.00)

time: Tue Sep 25 09:35:38 2018
elapsed time: 0 seconds (0d 0h 0m 0s)

